# JRE version: OpenJDK Runtime Environment Temurin-17.0.4.1+1 (17.0.4.1+1) (build 17.0.4.1+1)
# Java VM: OpenJDK 64-Bit Server VM Temurin-17.0.4.1+1 (17.0.4.1+1, mixed mode, tiered, compressed oops, compressed class ptrs, parallel gc, windows-amd64)
GC Precious Log:
 CPUs: 12 total, 12 available
 Memory: 7518M
 Large Page Support: Disabled
 NUMA Support: Disabled
 Compressed Oops: Enabled (32-bit)
 Alignments: Space 512K, Generation 512K, Heap 2M
 Heap Min Capacity: 100M
 Heap Initial Capacity: 100M
 Heap Max Capacity: 1G
 Pre-touch: Disabled
 Parallel Workers: 10
Heap:
 PSYoungGen      total 24064K, used 5226K [0x00000000eab00000, 0x00000000ec680000, 0x0000000100000000)
  eden space 22016K, 14% used [0x00000000eab00000,0x00000000eae2a9e0,0x00000000ec080000)
  from space 2048K, 96% used [0x00000000ec480000,0x00000000ec670020,0x00000000ec680000)
  to   space 3072K, 0% used [0x00000000ec080000,0x00000000ec080000,0x00000000ec380000)
 ParOldGen       total 68608K, used 22489K [0x00000000c0000000, 0x00000000c4300000, 0x00000000eab00000)
  object space 68608K, 32% used [0x00000000c0000000,0x00000000c15f65e8,0x00000000c4300000)
 Metaspace       used 51258K, committed 52096K, reserved 1097728K
  class space    used 5581K, committed 5952K, reserved 1048576K
GC Heap History (20 events):
Event: 12.277 GC heap before
{Heap before GC invocations=10 (full 1):
 PSYoungGen      total 25600K, used 25577K [0x00000000eab00000, 0x00000000eca80000, 0x0000000100000000)
  eden space 24064K, 100% used [0x00000000eab00000,0x00000000ec280000,0x00000000ec280000)
  from space 1536K, 98% used [0x00000000ec900000,0x00000000eca7a4f0,0x00000000eca80000)
  to   space 3072K, 0% used [0x00000000ec480000,0x00000000ec480000,0x00000000ec780000)
 ParOldGen       total 68608K, used 11154K [0x00000000c0000000, 0x00000000c4300000, 0x00000000eab00000)
  object space 68608K, 16% used [0x00000000c0000000,0x00000000c0ae4b30,0x00000000c4300000)
 Metaspace       used 34970K, committed 35520K, reserved 1081344K
  class space    used 3537K, committed 3776K, reserved 1048576K
}
Event: 12.279 GC heap after
{Heap after GC invocations=10 (full 1):
 PSYoungGen      total 25600K, used 1906K [0x00000000eab00000, 0x00000000ec980000, 0x0000000100000000)
  eden space 23552K, 0% used [0x00000000eab00000,0x00000000eab00000,0x00000000ec200000)
  from space 2048K, 93% used [0x00000000ec480000,0x00000000ec65c8a0,0x00000000ec680000)
  to   space 2560K, 0% used [0x00000000ec700000,0x00000000ec700000,0x00000000ec980000)
 ParOldGen       total 68608K, used 12194K [0x00000000c0000000, 0x00000000c4300000, 0x00000000eab00000)
  object space 68608K, 17% used [0x00000000c0000000,0x00000000c0be8848,0x00000000c4300000)
 Metaspace       used 34970K, committed 35520K, reserved 1081344K
  class space    used 3537K, committed 3776K, reserved 1048576K
}
Event: 12.318 GC heap before
{Heap before GC invocations=11 (full 1):
 PSYoungGen      total 25600K, used 3785K [0x00000000eab00000, 0x00000000ec980000, 0x0000000100000000)
  eden space 23552K, 7% used [0x00000000eab00000,0x00000000eacd5de8,0x00000000ec200000)
  from space 2048K, 93% used [0x00000000ec480000,0x00000000ec65c8a0,0x00000000ec680000)
  to   space 2560K, 0% used [0x00000000ec700000,0x00000000ec700000,0x00000000ec980000)
 ParOldGen       total 68608K, used 12194K [0x00000000c0000000, 0x00000000c4300000, 0x00000000eab00000)
  object space 68608K, 17% used [0x00000000c0000000,0x00000000c0be8848,0x00000000c4300000)
 Metaspace       used 35277K, committed 35840K, reserved 1081344K
  class space    used 3562K, committed 3776K, reserved 1048576K
}
Event: 12.319 GC heap after
{Heap after GC invocations=11 (full 1):
 PSYoungGen      total 25600K, used 1649K [0x00000000eab00000, 0x00000000ec900000, 0x0000000100000000)
  eden space 23552K, 0% used [0x00000000eab00000,0x00000000eab00000,0x00000000ec200000)
  from space 2048K, 80% used [0x00000000ec700000,0x00000000ec89c5b0,0x00000000ec900000)
  to   space 2048K, 0% used [0x00000000ec480000,0x00000000ec480000,0x00000000ec680000)
 ParOldGen       total 68608K, used 12679K [0x00000000c0000000, 0x00000000c4300000, 0x00000000eab00000)
  object space 68608K, 18% used [0x00000000c0000000,0x00000000c0c61eb0,0x00000000c4300000)
 Metaspace       used 35277K, committed 35840K, reserved 1081344K
  class space    used 3562K, committed 3776K, reserved 1048576K
}
Event: 12.319 GC heap before
{Heap before GC invocations=12 (full 2):
 PSYoungGen      total 25600K, used 1649K [0x00000000eab00000, 0x00000000ec900000, 0x0000000100000000)
  eden space 23552K, 0% used [0x00000000eab00000,0x00000000eab00000,0x00000000ec200000)
  from space 2048K, 80% used [0x00000000ec700000,0x00000000ec89c5b0,0x00000000ec900000)
  to   space 2048K, 0% used [0x00000000ec480000,0x00000000ec480000,0x00000000ec680000)
 ParOldGen       total 68608K, used 12679K [0x00000000c0000000, 0x00000000c4300000, 0x00000000eab00000)
  object space 68608K, 18% used [0x00000000c0000000,0x00000000c0c61eb0,0x00000000c4300000)
 Metaspace       used 35277K, committed 35840K, reserved 1081344K
  class space    used 3562K, committed 3776K, reserved 1048576K
}
Event: 12.339 GC heap after
{Heap after GC invocations=12 (full 2):
 PSYoungGen      total 25600K, used 0K [0x00000000eab00000, 0x00000000ec900000, 0x0000000100000000)
  eden space 23552K, 0% used [0x00000000eab00000,0x00000000eab00000,0x00000000ec200000)
  from space 2048K, 0% used [0x00000000ec700000,0x00000000ec700000,0x00000000ec900000)
  to   space 2048K, 0% used [0x00000000ec480000,0x00000000ec480000,0x00000000ec680000)
 ParOldGen       total 68608K, used 13015K [0x00000000c0000000, 0x00000000c4300000, 0x00000000eab00000)
  object space 68608K, 18% used [0x00000000c0000000,0x00000000c0cb5d60,0x00000000c4300000)
 Metaspace       used 35277K, committed 35840K, reserved 1081344K
  class space    used 3562K, committed 3776K, reserved 1048576K
}
Event: 12.713 GC heap before
{Heap before GC invocations=13 (full 2):
 PSYoungGen      total 25600K, used 23552K [0x00000000eab00000, 0x00000000ec900000, 0x0000000100000000)
  eden space 23552K, 100% used [0x00000000eab00000,0x00000000ec200000,0x00000000ec200000)
  from space 2048K, 0% used [0x00000000ec700000,0x00000000ec700000,0x00000000ec900000)
  to   space 2048K, 0% used [0x00000000ec480000,0x00000000ec480000,0x00000000ec680000)
 ParOldGen       total 68608K, used 13015K [0x00000000c0000000, 0x00000000c4300000, 0x00000000eab00000)
  object space 68608K, 18% used [0x00000000c0000000,0x00000000c0cb5d60,0x00000000c4300000)
 Metaspace       used 38106K, committed 38784K, reserved 1089536K
  class space    used 3954K, committed 4224K, reserved 1048576K
}
Event: 12.715 GC heap after
{Heap after GC invocations=13 (full 2):
 PSYoungGen      total 24576K, used 1241K [0x00000000eab00000, 0x00000000ec780000, 0x0000000100000000)
  eden space 23040K, 0% used [0x00000000eab00000,0x00000000eab00000,0x00000000ec180000)
  from space 1536K, 80% used [0x00000000ec480000,0x00000000ec5b6458,0x00000000ec600000)
  to   space 1536K, 0% used [0x00000000ec600000,0x00000000ec600000,0x00000000ec780000)
 ParOldGen       total 68608K, used 13023K [0x00000000c0000000, 0x00000000c4300000, 0x00000000eab00000)
  object space 68608K, 18% used [0x00000000c0000000,0x00000000c0cb7d60,0x00000000c4300000)
 Metaspace       used 38106K, committed 38784K, reserved 1089536K
  class space    used 3954K, committed 4224K, reserved 1048576K
}
Event: 12.994 GC heap before
{Heap before GC invocations=14 (full 2):
 PSYoungGen      total 24576K, used 24281K [0x00000000eab00000, 0x00000000ec780000, 0x0000000100000000)
  eden space 23040K, 100% used [0x00000000eab00000,0x00000000ec180000,0x00000000ec180000)
  from space 1536K, 80% used [0x00000000ec480000,0x00000000ec5b6458,0x00000000ec600000)
  to   space 1536K, 0% used [0x00000000ec600000,0x00000000ec600000,0x00000000ec780000)
 ParOldGen       total 68608K, used 13023K [0x00000000c0000000, 0x00000000c4300000, 0x00000000eab00000)
  object space 68608K, 18% used [0x00000000c0000000,0x00000000c0cb7d60,0x00000000c4300000)
 Metaspace       used 40021K, committed 40704K, reserved 1089536K
  class space    used 4214K, committed 4480K, reserved 1048576K
}
Event: 12.996 GC heap after
{Heap after GC invocations=14 (full 2):
 PSYoungGen      total 23552K, used 768K [0x00000000eab00000, 0x00000000ec700000, 0x0000000100000000)
  eden space 22528K, 0% used [0x00000000eab00000,0x00000000eab00000,0x00000000ec100000)
  from space 1024K, 75% used [0x00000000ec600000,0x00000000ec6c0000,0x00000000ec700000)
  to   space 1024K, 0% used [0x00000000ec500000,0x00000000ec500000,0x00000000ec600000)
 ParOldGen       total 68608K, used 14052K [0x00000000c0000000, 0x00000000c4300000, 0x00000000eab00000)
  object space 68608K, 20% used [0x00000000c0000000,0x00000000c0db9218,0x00000000c4300000)
 Metaspace       used 40021K, committed 40704K, reserved 1089536K
  class space    used 4214K, committed 4480K, reserved 1048576K
}
Event: 13.344 GC heap before
{Heap before GC invocations=15 (full 2):
 PSYoungGen      total 23552K, used 23296K [0x00000000eab00000, 0x00000000ec700000, 0x0000000100000000)
  eden space 22528K, 100% used [0x00000000eab00000,0x00000000ec100000,0x00000000ec100000)
  from space 1024K, 75% used [0x00000000ec600000,0x00000000ec6c0000,0x00000000ec700000)
  to   space 1024K, 0% used [0x00000000ec500000,0x00000000ec500000,0x00000000ec600000)
 ParOldGen       total 68608K, used 14052K [0x00000000c0000000, 0x00000000c4300000, 0x00000000eab00000)
  object space 68608K, 20% used [0x00000000c0000000,0x00000000c0db9218,0x00000000c4300000)
 Metaspace       used 42613K, committed 43328K, reserved 1089536K
  class space    used 4567K, committed 4864K, reserved 1048576K
}
Event: 13.347 GC heap after
{Heap after GC invocations=15 (full 2):
 PSYoungGen      total 23040K, used 1004K [0x00000000eab00000, 0x00000000ec680000, 0x0000000100000000)
  eden space 22016K, 0% used [0x00000000eab00000,0x00000000eab00000,0x00000000ec080000)
  from space 1024K, 98% used [0x00000000ec500000,0x00000000ec5fb308,0x00000000ec600000)
  to   space 512K, 0% used [0x00000000ec600000,0x00000000ec600000,0x00000000ec680000)
 ParOldGen       total 68608K, used 15031K [0x00000000c0000000, 0x00000000c4300000, 0x00000000eab00000)
  object space 68608K, 21% used [0x00000000c0000000,0x00000000c0eadf28,0x00000000c4300000)
 Metaspace       used 42613K, committed 43328K, reserved 1089536K
  class space    used 4567K, committed 4864K, reserved 1048576K
}
Event: 15.619 GC heap before
{Heap before GC invocations=16 (full 2):
 PSYoungGen      total 23040K, used 23020K [0x00000000eab00000, 0x00000000ec680000, 0x0000000100000000)
  eden space 22016K, 100% used [0x00000000eab00000,0x00000000ec080000,0x00000000ec080000)
  from space 1024K, 98% used [0x00000000ec500000,0x00000000ec5fb308,0x00000000ec600000)
  to   space 512K, 0% used [0x00000000ec600000,0x00000000ec600000,0x00000000ec680000)
 ParOldGen       total 68608K, used 15031K [0x00000000c0000000, 0x00000000c4300000, 0x00000000eab00000)
  object space 68608K, 21% used [0x00000000c0000000,0x00000000c0eadf28,0x00000000c4300000)
 Metaspace       used 43540K, committed 44224K, reserved 1089536K
  class space    used 4649K, committed 4928K, reserved 1048576K
}
Event: 15.621 GC heap after
{Heap after GC invocations=16 (full 2):
 PSYoungGen      total 22528K, used 484K [0x00000000eab00000, 0x00000000ec680000, 0x0000000100000000)
  eden space 22016K, 0% used [0x00000000eab00000,0x00000000eab00000,0x00000000ec080000)
  from space 512K, 94% used [0x00000000ec600000,0x00000000ec6792e0,0x00000000ec680000)
  to   space 2560K, 0% used [0x00000000ec180000,0x00000000ec180000,0x00000000ec400000)
 ParOldGen       total 68608K, used 16655K [0x00000000c0000000, 0x00000000c4300000, 0x00000000eab00000)
  object space 68608K, 24% used [0x00000000c0000000,0x00000000c1043d58,0x00000000c4300000)
 Metaspace       used 43540K, committed 44224K, reserved 1089536K
  class space    used 4649K, committed 4928K, reserved 1048576K
}
Event: 15.865 GC heap before
{Heap before GC invocations=17 (full 2):
 PSYoungGen      total 22528K, used 22500K [0x00000000eab00000, 0x00000000ec680000, 0x0000000100000000)
  eden space 22016K, 100% used [0x00000000eab00000,0x00000000ec080000,0x00000000ec080000)
  from space 512K, 94% used [0x00000000ec600000,0x00000000ec6792e0,0x00000000ec680000)
  to   space 2560K, 0% used [0x00000000ec180000,0x00000000ec180000,0x00000000ec400000)
 ParOldGen       total 68608K, used 16655K [0x00000000c0000000, 0x00000000c4300000, 0x00000000eab00000)
  object space 68608K, 24% used [0x00000000c0000000,0x00000000c1043d58,0x00000000c4300000)
 Metaspace       used 45178K, committed 46016K, reserved 1089536K
  class space    used 4842K, committed 5184K, reserved 1048576K
}
Event: 15.867 GC heap after
{Heap after GC invocations=17 (full 2):
 PSYoungGen      total 24576K, used 1783K [0x00000000eab00000, 0x00000000ec680000, 0x0000000100000000)
  eden space 22016K, 0% used [0x00000000eab00000,0x00000000eab00000,0x00000000ec080000)
  from space 2560K, 69% used [0x00000000ec180000,0x00000000ec33dcb8,0x00000000ec400000)
  to   space 2048K, 0% used [0x00000000ec480000,0x00000000ec480000,0x00000000ec680000)
 ParOldGen       total 68608K, used 17192K [0x00000000c0000000, 0x00000000c4300000, 0x00000000eab00000)
  object space 68608K, 25% used [0x00000000c0000000,0x00000000c10ca2b0,0x00000000c4300000)
 Metaspace       used 45178K, committed 46016K, reserved 1089536K
  class space    used 4842K, committed 5184K, reserved 1048576K
}
Event: 18.194 GC heap before
{Heap before GC invocations=18 (full 2):
 PSYoungGen      total 24576K, used 23567K [0x00000000eab00000, 0x00000000ec680000, 0x0000000100000000)
  eden space 22016K, 98% used [0x00000000eab00000,0x00000000ec0462e8,0x00000000ec080000)
  from space 2560K, 69% used [0x00000000ec180000,0x00000000ec33dcb8,0x00000000ec400000)
  to   space 2048K, 0% used [0x00000000ec480000,0x00000000ec480000,0x00000000ec680000)
 ParOldGen       total 68608K, used 17192K [0x00000000c0000000, 0x00000000c4300000, 0x00000000eab00000)
  object space 68608K, 25% used [0x00000000c0000000,0x00000000c10ca2b0,0x00000000c4300000)
 Metaspace       used 48592K, committed 49344K, reserved 1097728K
  class space    used 5276K, committed 5568K, reserved 1048576K
}
Event: 18.195 GC heap after
{Heap after GC invocations=18 (full 2):
 PSYoungGen      total 24064K, used 1588K [0x00000000eab00000, 0x00000000ec680000, 0x0000000100000000)
  eden space 22016K, 0% used [0x00000000eab00000,0x00000000eab00000,0x00000000ec080000)
  from space 2048K, 77% used [0x00000000ec480000,0x00000000ec60d3f0,0x00000000ec680000)
  to   space 2048K, 0% used [0x00000000ec280000,0x00000000ec280000,0x00000000ec480000)
 ParOldGen       total 68608K, used 18774K [0x00000000c0000000, 0x00000000c4300000, 0x00000000eab00000)
  object space 68608K, 27% used [0x00000000c0000000,0x00000000c1255b70,0x00000000c4300000)
 Metaspace       used 48592K, committed 49344K, reserved 1097728K
  class space    used 5276K, committed 5568K, reserved 1048576K
}
Event: 18.578 GC heap before
{Heap before GC invocations=19 (full 2):
 PSYoungGen      total 24064K, used 23604K [0x00000000eab00000, 0x00000000ec680000, 0x0000000100000000)
  eden space 22016K, 100% used [0x00000000eab00000,0x00000000ec080000,0x00000000ec080000)
  from space 2048K, 77% used [0x00000000ec480000,0x00000000ec60d3f0,0x00000000ec680000)
  to   space 2048K, 0% used [0x00000000ec280000,0x00000000ec280000,0x00000000ec480000)
 ParOldGen       total 68608K, used 18774K [0x00000000c0000000, 0x00000000c4300000, 0x00000000eab00000)
  object space 68608K, 27% used [0x00000000c0000000,0x00000000c1255b70,0x00000000c4300000)
 Metaspace       used 50843K, committed 51648K, reserved 1097728K
  class space    used 5526K, committed 5888K, reserved 1048576K
}
Event: 18.580 GC heap after
{Heap after GC invocations=19 (full 2):
 PSYoungGen      total 24064K, used 2023K [0x00000000eab00000, 0x00000000ec880000, 0x0000000100000000)
  eden space 22016K, 0% used [0x00000000eab00000,0x00000000eab00000,0x00000000ec080000)
  from space 2048K, 98% used [0x00000000ec280000,0x00000000ec479dc0,0x00000000ec480000)
  to   space 4096K, 0% used [0x00000000ec480000,0x00000000ec480000,0x00000000ec880000)
 ParOldGen       total 68608K, used 20460K [0x00000000c0000000, 0x00000000c4300000, 0x00000000eab00000)
  object space 68608K, 29% used [0x00000000c0000000,0x00000000c13fb208,0x00000000c4300000)
 Metaspace       used 50843K, committed 51648K, reserved 1097728K
  class space    used 5526K, committed 5888K, reserved 1048576K
}

